<?xml version="1.0" encoding="UTF-8"?>
<testsuite xmlns:xsi="http://www.w3.org/2001/XMLSchema-instance" xsi:noNamespaceSchemaLocation="https://maven.apache.org/surefire/maven-surefire-plugin/xsd/surefire-test-report-3.0.xsd" version="3.0" name="com.mycompany.mavenproject1.TestingWebApplicationTests" time="10.515" tests="4" errors="0" skipped="0" failures="0">
  <properties>
[...]
</properties>
  <testcase name="testGET" classname="com.mycompany.mavenproject1.TestingWebApplicationTests" time="1.624">
    <system-out><![CDATA[17:19:00.217 [main] INFO org.springframework.test.context.support.AnnotationConfigContextLoaderUtils -- Could not detect default configuration classes for test class [com.mycompany.mavenproject1.TestingWebApplicationTests]: TestingWebApplicationTests does not declare any static, non-private, non-final, nested classes annotated with @Configuration.
17:19:00.436 [main] INFO org.springframework.boot.test.context.SpringBootTestContextBootstrapper -- Found @SpringBootConfiguration com.mycompany.mavenproject1.RunApplication for test class com.mycompany.mavenproject1.TestingWebApplicationTests

  .   ____          _            __ _ _
 /\\ / ___'_ __ _ _(_)_ __  __ _ \ \ \ \
( ( )\___ | '_ | '_| | '_ \/ _` | \ \ \ \
 \\/  ___)| |_)| | | | | || (_| |  ) ) ) )
  '  |____| .__|_| |_|_| |_\__, | / / / /
 =========|_|==============|___/=/_/_/_/
 :: Spring Boot ::                (v3.1.4)

2023-10-16T17:19:01.147-04:00  INFO 2072 --- [           main] c.m.m.TestingWebApplicationTests         : Starting TestingWebApplicationTests using Java 17.0.2 with PID 2072 (started by Mohammad in C:\Users\Mohammad\OneDrive - Carleton University\Documents\NetBeansProjects\SYSC4806LabProject)
2023-10-16T17:19:01.150-04:00  INFO 2072 --- [           main] c.m.m.TestingWebApplicationTests         : No active profile set, falling back to 1 default profile: "default"
2023-10-16T17:19:02.370-04:00  INFO 2072 --- [           main] .s.d.r.c.RepositoryConfigurationDelegate : Bootstrapping Spring Data JPA repositories in DEFAULT mode.
2023-10-16T17:19:02.470-04:00  INFO 2072 --- [           main] .s.d.r.c.RepositoryConfigurationDelegate : Finished Spring Data repository scanning in 87 ms. Found 2 JPA repository interfaces.
2023-10-16T17:19:03.447-04:00  INFO 2072 --- [           main] com.zaxxer.hikari.HikariDataSource       : HikariPool-1 - Starting...
2023-10-16T17:19:03.781-04:00  INFO 2072 --- [           main] com.zaxxer.hikari.pool.HikariPool        : HikariPool-1 - Added connection conn0: url=jdbc:h2:mem:2c8e7480-6790-4f08-8053-b661e3141485 user=SA
2023-10-16T17:19:03.784-04:00  INFO 2072 --- [           main] com.zaxxer.hikari.HikariDataSource       : HikariPool-1 - Start completed.
2023-10-16T17:19:03.884-04:00  INFO 2072 --- [           main] o.hibernate.jpa.internal.util.LogHelper  : HHH000204: Processing PersistenceUnitInfo [name: default]
2023-10-16T17:19:03.991-04:00  INFO 2072 --- [           main] org.hibernate.Version                    : HHH000412: Hibernate ORM core version 6.2.9.Final
2023-10-16T17:19:03.995-04:00  INFO 2072 --- [           main] org.hibernate.cfg.Environment            : HHH000406: Using bytecode reflection optimizer
2023-10-16T17:19:04.262-04:00  INFO 2072 --- [           main] o.h.b.i.BytecodeProviderInitiator        : HHH000021: Bytecode provider name : bytebuddy
2023-10-16T17:19:04.525-04:00  INFO 2072 --- [           main] o.s.o.j.p.SpringPersistenceUnitInfo      : No LoadTimeWeaver setup: ignoring JPA class transformer
2023-10-16T17:19:05.053-04:00  INFO 2072 --- [           main] o.h.b.i.BytecodeProviderInitiator        : HHH000021: Bytecode provider name : bytebuddy
2023-10-16T17:19:06.121-04:00  INFO 2072 --- [           main] o.h.e.t.j.p.i.JtaPlatformInitiator       : HHH000490: Using JtaPlatform implementation: [org.hibernate.engine.transaction.jta.platform.internal.NoJtaPlatform]
2023-10-16T17:19:06.187-04:00  INFO 2072 --- [           main] j.LocalContainerEntityManagerFactoryBean : Initialized JPA EntityManagerFactory for persistence unit 'default'
2023-10-16T17:19:06.973-04:00  WARN 2072 --- [           main] JpaBaseConfiguration$JpaWebConfiguration : spring.jpa.open-in-view is enabled by default. Therefore, database queries may be performed during view rendering. Explicitly configure spring.jpa.open-in-view to disable this warning
2023-10-16T17:19:08.042-04:00  INFO 2072 --- [           main] o.s.b.t.m.w.SpringBootMockServletContext : Initializing Spring TestDispatcherServlet ''
2023-10-16T17:19:08.043-04:00  INFO 2072 --- [           main] o.s.t.web.servlet.TestDispatcherServlet  : Initializing Servlet ''
2023-10-16T17:19:08.046-04:00  INFO 2072 --- [           main] o.s.t.web.servlet.TestDispatcherServlet  : Completed initialization in 1 ms
2023-10-16T17:19:08.080-04:00  INFO 2072 --- [           main] c.m.m.TestingWebApplicationTests         : Started TestingWebApplicationTests in 7.362 seconds (process running for 9.452)
2023-10-16T17:19:08.223-04:00  INFO 2072 --- [           main] c.m.mavenproject1.RunApplication         : Address books found with findAll():
2023-10-16T17:19:08.223-04:00  INFO 2072 --- [           main] c.m.mavenproject1.RunApplication         : -----------------------------
2023-10-16T17:19:08.422-04:00  INFO 2072 --- [           main] c.m.mavenproject1.RunApplication         : [Name: harold
Phone number: 613-741-7410
, Name: garold
Phone number: 613-852-8520
, Name: larold
Phone number: 613-963-9630
, Name: walter
Phone number: 613-147-1470
, Name: donald
Phone number: 613-258-2580
]
home controller home method called!
is this buddylist null?
its not null!
[Name: harold
Phone number: 613-741-7410
, Name: garold
Phone number: 613-852-8520
, Name: larold
Phone number: 613-963-9630
, Name: walter
Phone number: 613-147-1470
, Name: donald
Phone number: 613-258-2580
]
1

MockHttpServletRequest:
      HTTP Method = GET
      Request URI = /home
       Parameters = {}
          Headers = []
             Body = null
    Session Attrs = {}

Handler:
             Type = com.mycompany.mavenproject1.controllers.HomeController
           Method = com.mycompany.mavenproject1.controllers.HomeController#home(Model)

Async:
    Async started = false
     Async result = null

Resolved Exception:
             Type = null

ModelAndView:
        View name = home
             View = null
        Attribute = bookList
            value = [[Name: harold
Phone number: 613-741-7410
, Name: garold
Phone number: 613-852-8520
, Name: larold
Phone number: 613-963-9630
, Name: walter
Phone number: 613-147-1470
, Name: donald
Phone number: 613-258-2580
]]

FlashMap:
       Attributes = null

MockHttpServletResponse:
           Status = 200
    Error message = null
          Headers = [Content-Language:"en", Content-Type:"text/html;charset=UTF-8"]
     Content type = text/html;charset=UTF-8
             Body = <!DOCTYPE html>
<html>
    <head>
        <title>HOME</title>
        <meta charset="UTF-8">
        <meta name="viewport" content="width=device-width, initial-scale=1.0">
        <style>
            body {
                display: flex;
            }
            h1 {
                text-align: center;
            }
            .newline {
                padding-left: 1vw;
                display: block;
            }
            .buddy .book{
                padding-left: 1vw;
            }
            .buddy{
                padding-left: 2vw;
            }
        </style>
    </head>
    <body>
        <section>
            <h1>List of address books and buddy info's</h1>
            <p class="book">
            <span class="newline">Book Id: <span>1</span></span>
            <span class="newline">buddies: <span>[Name: harold
Phone number: 613-741-7410
, Name: garold
Phone number: 613-852-8520
, Name: larold
Phone number: 613-963-9630
, Name: walter
Phone number: 613-147-1470
, Name: donald
Phone number: 613-258-2580
]</span></span>          
    </section>
</body>
</html>

    Forwarded URL = null
   Redirected URL = null
          Cookies = []

MockHttpServletRequest:
      HTTP Method = GET
      Request URI = /buddies
       Parameters = {}
          Headers = []
             Body = null
    Session Attrs = {}

Handler:
             Type = org.springframework.data.rest.webmvc.RepositoryEntityController
           Method = org.springframework.data.rest.webmvc.RepositoryEntityController#getCollectionResource(RootResourceInformation, DefaultedPageable, Sort, RepresentationModelAssemblers)

Async:
    Async started = false
     Async result = null

Resolved Exception:
             Type = null

ModelAndView:
        View name = null
             View = null
            Model = null

FlashMap:
       Attributes = null

MockHttpServletResponse:
           Status = 200
    Error message = null
          Headers = [Vary:"Origin", "Access-Control-Request-Method", "Access-Control-Request-Headers", Content-Type:"application/hal+json"]
     Content type = application/hal+json
             Body = {
  "_embedded" : {
    "buddyInfoes" : [ {
      "name" : "jimmy",
      "phoneNumber" : "613-111-2222",
      "address" : "112 abc rd",
      "id" : 1,
      "_links" : {
        "self" : {
          "href" : "http://localhost/buddies/1"
        },
        "buddyInfo" : {
          "href" : "http://localhost/buddies/1"
        }
      }
    }, {
      "name" : "timmy",
      "phoneNumber" : "613-222-3333",
      "address" : "163 abc rd",
      "id" : 2,
      "_links" : {
        "self" : {
          "href" : "http://localhost/buddies/2"
        },
        "buddyInfo" : {
          "href" : "http://localhost/buddies/2"
        }
      }
    }, {
      "name" : "himmy",
      "phoneNumber" : "613-333-4444",
      "address" : "124 abc rd",
      "id" : 3,
      "_links" : {
        "self" : {
          "href" : "http://localhost/buddies/3"
        },
        "buddyInfo" : {
          "href" : "http://localhost/buddies/3"
        }
      }
    }, {
      "name" : "billy",
      "phoneNumber" : "613-444-5555",
      "address" : "1765 abc rd",
      "id" : 4,
      "_links" : {
        "self" : {
          "href" : "http://localhost/buddies/4"
        },
        "buddyInfo" : {
          "href" : "http://localhost/buddies/4"
        }
      }
    }, {
      "name" : "willy",
      "phoneNumber" : "613-555-6666",
      "address" : "177 abc rd",
      "id" : 5,
      "_links" : {
        "self" : {
          "href" : "http://localhost/buddies/5"
        },
        "buddyInfo" : {
          "href" : "http://localhost/buddies/5"
        }
      }
    }, {
      "name" : "harold",
      "phoneNumber" : "613-741-7410",
      "address" : "109 abc rd",
      "id" : 6,
      "_links" : {
        "self" : {
          "href" : "http://localhost/buddies/6"
        },
        "buddyInfo" : {
          "href" : "http://localhost/buddies/6"
        }
      }
    }, {
      "name" : "garold",
      "phoneNumber" : "613-852-8520",
      "address" : "156 abc rd",
      "id" : 7,
      "_links" : {
        "self" : {
          "href" : "http://localhost/buddies/7"
        },
        "buddyInfo" : {
          "href" : "http://localhost/buddies/7"
        }
      }
    }, {
      "name" : "larold",
      "phoneNumber" : "613-963-9630",
      "address" : "134 abc rd",
      "id" : 8,
      "_links" : {
        "self" : {
          "href" : "http://localhost/buddies/8"
        },
        "buddyInfo" : {
          "href" : "http://localhost/buddies/8"
        }
      }
    }, {
      "name" : "walter",
      "phoneNumber" : "613-147-1470",
      "address" : "176 abc rd",
      "id" : 9,
      "_links" : {
        "self" : {
          "href" : "http://localhost/buddies/9"
        },
        "buddyInfo" : {
          "href" : "http://localhost/buddies/9"
        }
      }
    }, {
      "name" : "donald",
      "phoneNumber" : "613-258-2580",
      "address" : "1897 abc rd",
      "id" : 10,
      "_links" : {
        "self" : {
          "href" : "http://localhost/buddies/10"
        },
        "buddyInfo" : {
          "href" : "http://localhost/buddies/10"
        }
      }
    } ]
  },
  "_links" : {
    "self" : {
      "href" : "http://localhost/buddies"
    },
    "profile" : {
      "href" : "http://localhost/profile/buddies"
    },
    "search" : {
      "href" : "http://localhost/buddies/search"
    }
  }
}
    Forwarded URL = null
   Redirected URL = null
          Cookies = []
]]></system-out>
  </testcase>
  <testcase name="testPOST" classname="com.mycompany.mavenproject1.TestingWebApplicationTests" time="0.145"/>
  <testcase name="contextLoads" classname="com.mycompany.mavenproject1.TestingWebApplicationTests" time="0.095"/>
  <testcase name="testDelete" classname="com.mycompany.mavenproject1.TestingWebApplicationTests" time="0.005"/>
</testsuite>